PREHOOK: query: EXPLAIN SELECT * FROM src WHERE key = "1"
PREHOOK: type: QUERY
POSTHOOK: query: EXPLAIN SELECT * FROM src WHERE key = "1"
POSTHOOK: type: QUERY
STAGE DEPENDENCIES:
  Stage-1 is a root stage
  Stage-0 depends on stages: Stage-1

STAGE PLANS:
  Stage: Stage-1
    Map Reduce
      Map Operator Tree:
          TableScan
            alias: src
            Statistics: Num rows: 500 Data size: 5312 Basic stats: COMPLETE Column stats: NONE
            Filter Operator
              predicate: (key = '1') (type: boolean)
              Statistics: Num rows: 250 Data size: 2656 Basic stats: COMPLETE Column stats: NONE
              Select Operator
                expressions: '1' (type: string), value (type: string)
                outputColumnNames: _col0, _col1
                Statistics: Num rows: 250 Data size: 2656 Basic stats: COMPLETE Column stats: NONE
                File Output Operator
                  compressed: false
                  Statistics: Num rows: 250 Data size: 2656 Basic stats: COMPLETE Column stats: NONE
                  table:
                      input format: org.apache.hadoop.mapred.SequenceFileInputFormat
                      output format: org.apache.hadoop.hive.ql.io.HiveSequenceFileOutputFormat
                      serde: org.apache.hadoop.hive.serde2.lazy.LazySimpleSerDe

  Stage: Stage-0
    Fetch Operator
      limit: -1
      Processor Tree:
        ListSink

PREHOOK: query: EXPLAIN SELECT * FROM src WHERE key = "1"
PREHOOK: type: QUERY
POSTHOOK: query: EXPLAIN SELECT * FROM src WHERE key = "1"
POSTHOOK: type: QUERY
STAGE DEPENDENCIES:
  Stage-1 is a root stage
  Stage-0 depends on stages: Stage-1

STAGE PLANS:
  Stage: Stage-1
    Map Reduce
      Map Operator Tree:
          TableScan
            alias: src
            Statistics: Num rows: 500 Data size: 5312 Basic stats: COMPLETE Column stats: NONE
            Filter Operator
              predicate: (key = '1') (type: boolean)
              Statistics: Num rows: 250 Data size: 2656 Basic stats: COMPLETE Column stats: NONE
              Select Operator
                expressions: '1' (type: string), value (type: string)
                outputColumnNames: _col0, _col1
                Statistics: Num rows: 250 Data size: 2656 Basic stats: COMPLETE Column stats: NONE
                File Output Operator
                  compressed: false
                  Statistics: Num rows: 250 Data size: 2656 Basic stats: COMPLETE Column stats: NONE
                  table:
                      input format: org.apache.hadoop.mapred.SequenceFileInputFormat
                      output format: org.apache.hadoop.hive.ql.io.HiveSequenceFileOutputFormat
                      serde: org.apache.hadoop.hive.serde2.lazy.LazySimpleSerDe

  Stage: Stage-0
    Fetch Operator
      limit: -1
      Processor Tree:
        ListSink

PREHOOK: query: EXPLAIN SELECT "beam"
PREHOOK: type: QUERY
POSTHOOK: query: EXPLAIN SELECT "beam"
POSTHOOK: type: QUERY
STAGE DEPENDENCIES:
  Stage-0 is a root stage

STAGE PLANS:
  Stage: Stage-0
    Fetch Operator
      limit: -1
      Processor Tree:
        TableScan
          alias: _dummy_table
          Row Limit Per Split: 1
          Statistics: Num rows: 1 Data size: 1 Basic stats: COMPLETE Column stats: COMPLETE
          Select Operator
            expressions: 'beam' (type: string)
            outputColumnNames: _col0
            Statistics: Num rows: 1 Data size: 88 Basic stats: COMPLETE Column stats: COMPLETE
            ListSink

PREHOOK: query: EXPLAIN LOGICAL SELECT * FROM src LIMIT 1
PREHOOK: type: QUERY
POSTHOOK: query: EXPLAIN LOGICAL SELECT * FROM src LIMIT 1
POSTHOOK: type: QUERY
LOGICAL PLAN:
src 
  TableScan (TS_0)
    alias: src
    Statistics: Num rows: 500 Data size: 5312 Basic stats: COMPLETE Column stats: NONE
    Select Operator (SEL_1)
      expressions: key (type: string), value (type: string)
      outputColumnNames: _col0, _col1
      Statistics: Num rows: 500 Data size: 5312 Basic stats: COMPLETE Column stats: NONE
      Limit (LIM_2)
        Number of rows: 1
        Statistics: Num rows: 1 Data size: 10 Basic stats: COMPLETE Column stats: NONE
        ListSink (LIST_SINK_4)

PREHOOK: query: EXPLAIN SELECT * FROM src LIMIT 1
PREHOOK: type: QUERY
POSTHOOK: query: EXPLAIN SELECT * FROM src LIMIT 1
POSTHOOK: type: QUERY
STAGE DEPENDENCIES:
  Stage-0 is a root stage

STAGE PLANS:
  Stage: Stage-0
    Fetch Operator
      limit: 1
      Processor Tree:
        TableScan
          alias: src
          Statistics: Num rows: 500 Data size: 5312 Basic stats: COMPLETE Column stats: NONE
          Select Operator
            expressions: key (type: string), value (type: string)
            outputColumnNames: _col0, _col1
            Statistics: Num rows: 500 Data size: 5312 Basic stats: COMPLETE Column stats: NONE
            Limit
              Number of rows: 1
              Statistics: Num rows: 1 Data size: 10 Basic stats: COMPLETE Column stats: NONE
              ListSink

PREHOOK: query: -- SELECT * FROM src LIMIT 1;

EXPLAIN LOGICAL SELECT * FROM src WHERE key = "1"
PREHOOK: type: QUERY
POSTHOOK: query: -- SELECT * FROM src LIMIT 1;

EXPLAIN LOGICAL SELECT * FROM src WHERE key = "1"
POSTHOOK: type: QUERY
LOGICAL PLAN:
src 
  TableScan (TS_0)
    alias: src
    Statistics: Num rows: 500 Data size: 5312 Basic stats: COMPLETE Column stats: NONE
    Filter Operator (FIL_4)
      predicate: (key = '1') (type: boolean)
      Statistics: Num rows: 250 Data size: 2656 Basic stats: COMPLETE Column stats: NONE
      Select Operator (SEL_2)
        expressions: '1' (type: string), value (type: string)
        outputColumnNames: _col0, _col1
        Statistics: Num rows: 250 Data size: 2656 Basic stats: COMPLETE Column stats: NONE
        File Output Operator (FS_3)
          compressed: false
          Statistics: Num rows: 250 Data size: 2656 Basic stats: COMPLETE Column stats: NONE
          table:
              input format: org.apache.hadoop.mapred.SequenceFileInputFormat
              output format: org.apache.hadoop.hive.ql.io.HiveSequenceFileOutputFormat
              serde: org.apache.hadoop.hive.serde2.lazy.LazySimpleSerDe

PREHOOK: query: EXPLAIN SELECT * FROM src WHERE key = "1"
PREHOOK: type: QUERY
POSTHOOK: query: EXPLAIN SELECT * FROM src WHERE key = "1"
POSTHOOK: type: QUERY
STAGE DEPENDENCIES:
  null is a root stage
  Stage-0 is a root stage

STAGE PLANS:
  Stage: null
    Beam
      DummyExplainField:
        X one
        Y two

  Stage: Stage-0
    Fetch Operator
      limit: -1
      Processor Tree:
        ListSink

